#
# A fatal error has been detected by the Java Runtime Environment:
#
#  SIGSEGV (0xb) at pc=0x000000012b4985d4, pid=3620, tid=0x000000000001627b
#
# JRE version: OpenJDK Runtime Environment (8.0_265-b01) (build 1.8.0_265-b01)
# Java VM: OpenJDK 64-Bit Server VM (25.265-b01 mixed mode bsd-amd64 compressed oops)
# Problematic frame:
# C  [libCubeProgrammer_API.dylib+0x95d4]  connectStLink+0x844
#
# Failed to write core dump. Core dumps have been disabled. To enable core dumping, try "ulimit -c unlimited" before starting Java again
#
# If you would like to submit a bug report, please visit:
#   http://bugreport.java.com/bugreport/crash.jsp
# The crash happened outside the Java Virtual Machine in native code.
# See problematic frame for where to report the bug.
#

---------------  T H R E A D  ---------------

Current thread (0x00007f985a067000):  JavaThread "Automatic Mode" [_thread_in_native, id=90747, stack(0x0000700010369000,0x0000700010469000)]

siginfo: si_signo: 11 (SIGSEGV), si_code: 1 (SEGV_MAPERR), si_addr: 0x0000000000000008

Registers:
RAX=0x0000000000000000, RBX=0x0000700010467a00, RCX=0x00007f9858677601, RDX=0x000000012b4b61d3
RSP=0x0000700010467350, RBP=0x00007000104674a0, RSI=0x00000000c2e2fc51, RDI=0x00007f98586776c0
R8 =0x000000000000eaff, R9 =0x0000000000000003, R10=0x00007f9858600000, R11=0x0000000000000000
R12=0x0000000000000004, R13=0x00000001291bf4e4, R14=0x0000000000000007, R15=0x5943f3b8c8f40017
RIP=0x000000012b4985d4, EFLAGS=0x0000000000010287, ERR=0x0000000000000004
  TRAPNO=0x000000000000000e

Top of Stack: (sp=0x0000700010467350)
0x0000700010467350:   0000700010467188 0000700010467188
0x0000700010467360:   0000700010467188 0000700010467188
0x0000700010467370:   000000012b813038 000000012b813038
0x0000700010467380:   fffffffb00000000 0000700010467458
0x0000700010467390:   fffffffffffffffc 0000000000000000
0x00007000104673a0:   0000000010467268 0000000200000001
0x00007000104673b0:   00007f9858bccba0 0000700010467188
0x00007000104673c0:   00007f9858bccb80 0000700010467188
0x00007000104673d0:   0000700010467470 00007f9858b00000
0x00007000104673e0:   0000000100000000 0000700010467268
0x00007000104673f0:   0000000010467268 00007f98586ef078
0x0000700010467400:   0000700010467478 0000004552313134
0x0000700010467410:   0000000000000000 0000000000000000
0x0000700010467420:   0000000000000000 00007f9858bccad0
0x0000700010467430:   00007f9858bccad0 00007000104674b0
0x0000700010467440:   0000000000000000 0000000000000000
0x0000700010467450:   0000000001000000 00007f98586776c0
0x0000700010467460:   fffffffb00000000 00007f9858b31690
0x0000700010467470:   00007f98586776c0 00007f98586ef060
0x0000700010467480:   00007000104674a0 00007fff2063db14
0x0000700010467490:   0000000000000000 5943f3b800000001
0x00007000104674a0:   0000700010467aa0 000000012b4b1756
0x00007000104674b0:   0000000000000001 3834464637363630
0x00007000104674c0:   3837323836353934 3232353339313736
0x00007000104674d0:   0000000000000000 324d32334a325600
0x00007000104674e0:   0000000000000032 302e300000000000
0x00007000104674f0:   0000000100000030 0000000000000000
0x0000700010467500:   0000000000000002 0000119400002328
0x0000700010467510:   00000465000008ca 0000011900000232
0x0000700010467520:   000000000000008c 0000000000000000
0x0000700010467530:   0000000000000000 00000fa000000007
0x0000700010467540:   000003b600000708 000000f0000001e0 

Instructions: (pc=0x000000012b4985d4)
0x000000012b4985b4:   00 00 00 00 e9 00 00 00 00 e9 00 00 00 00 48 8b
0x000000012b4985c4:   05 77 a9 37 00 48 8b 80 98 00 00 00 48 8b 40 60
0x000000012b4985d4:   48 8b 40 08 8b 48 24 89 4d a8 48 8b 05 5b a9 37
0x000000012b4985e4:   00 48 8b 80 98 00 00 00 48 8b 40 60 48 8b 40 08 

Register to memory mapping:

RAX=0x0000000000000000 is an unknown value
RBX=0x0000700010467a00 is pointing into the stack for thread: 0x00007f985a067000
RCX=0x00007f9858677601 is an unknown value
RDX=0x000000012b4b61d3: _ZN10QAtomicOpsIiE5derefIiEEbRNSt3__16atomicIT_EE+0xb3 in /Applications/STMicroelectronics/STM32Cube/STM32CubeProgrammer/STM32CubeProgrammer.app/Contents/MacOs/bin/libCubeProgrammer_API.dylib at 0x000000012b48f000
RSP=0x0000700010467350 is pointing into the stack for thread: 0x00007f985a067000
RBP=0x00007000104674a0 is pointing into the stack for thread: 0x00007f985a067000
RSI=0x00000000c2e2fc51 is an unknown value
RDI=0x00007f98586776c0 is an unknown value
R8 =0x000000000000eaff is an unknown value
R9 =0x0000000000000003 is an unknown value
R10=0x00007f9858600000 is an unknown value
R11=0x0000000000000000 is an unknown value
R12=0x0000000000000004 is an unknown value
R13=0x00000001291bf4e4: ffi_call+0x414 in /private/var/folders/x_/_50n8svx03xdyrvcbrf9b4r40000gp/T/jna--1073207300/jna4142655413749668956.tmp at 0x00000001291b2000
R14=0x0000000000000007 is an unknown value
R15=0x5943f3b8c8f40017 is an unknown value


Stack: [0x0000700010369000,0x0000700010469000],  sp=0x0000700010467350,  free space=1016k
Native frames: (J=compiled Java code, j=interpreted, Vv=VM code, C=native code)
C  [libCubeProgrammer_API.dylib+0x95d4]  connectStLink+0x844
C  [libCubeProgrammer_API.dylib+0x22756]  automaticMode+0x1236
C  [jna4142655413749668956.tmp+0xdef4]  ffi_call_unix64+0x4c
C  0x00007000104685e8

Java frames: (J=compiled Java code, j=interpreted, Vv=VM code)
j  com.sun.jna.Native.invokeVoid(Lcom/sun/jna/Function;JI[Ljava/lang/Object;)V+0
j  com.sun.jna.Function.invoke([Ljava/lang/Object;Ljava/lang/Class;ZI)Ljava/lang/Object;+42
j  com.sun.jna.Function.invoke(Ljava/lang/reflect/Method;[Ljava/lang/Class;Ljava/lang/Class;[Ljava/lang/Object;Ljava/util/Map;)Ljava/lang/Object;+271
j  com.sun.jna.Library$Handler.invoke(Ljava/lang/Object;Ljava/lang/reflect/Method;[Ljava/lang/Object;)Ljava/lang/Object;+344
j  com.sun.jna.Native$3.invoke(Ljava/lang/Object;Ljava/lang/reflect/Method;[Ljava/lang/Object;)Ljava/lang/Object;+21
j  com.sun.proxy.$Proxy8.automaticMode(Lcom/sun/jna/WString;IIIILjava/lang/String;I)V+61
j  com.st.api.Programmer.automaticMode(Lcom/sun/jna/WString;IIIILjava/lang/String;I)V+44
j  com.st.controllers.ProgrammingWindowController$7.run()V+275
v  ~StubRoutines::call_stub

---------------  P R O C E S S  ---------------

Java Threads: ( => current thread )
=>0x00007f985a067000 JavaThread "Automatic Mode" [_thread_in_native, id=90747, stack(0x0000700010369000,0x0000700010469000)]
  0x00007f9853a99000 JavaThread "Prism Font Disposer" daemon [_thread_blocked, id=50735, stack(0x00007000100e0000,0x00007000101e0000)]
  0x00007f9851139000 JavaThread "JavaFX-Launcher" [_thread_blocked, id=80899, stack(0x000070000ffdd000,0x00007000100dd000)]
  0x00007f9851993800 JavaThread "Thread-3" daemon [_thread_in_native, id=32003, stack(0x000070000fed7000,0x000070000ff57000)]
  0x00007f9852883800 JavaThread "JavaFX Application Thread" [_thread_in_native, id=259, stack(0x00007ffeea6d5000,0x00007ffeeaed5000)]
  0x00007f98539c3000 JavaThread "Thread-1" daemon [_thread_blocked, id=24847, stack(0x000070000fb45000,0x000070000fc45000)]
  0x00007f9856010800 JavaThread "QuantumRenderer-0" daemon [_thread_blocked, id=21763, stack(0x000070000fa42000,0x000070000fb42000)]
  0x00007f9852808800 JavaThread "Service Thread" daemon [_thread_blocked, id=15875, stack(0x000070000f83c000,0x000070000f93c000)]
  0x00007f9851036800 JavaThread "C1 CompilerThread3" daemon [_thread_blocked, id=15619, stack(0x000070000f739000,0x000070000f839000)]
  0x00007f9851035800 JavaThread "C2 CompilerThread2" daemon [_thread_blocked, id=15107, stack(0x000070000f636000,0x000070000f736000)]
  0x00007f9851035000 JavaThread "C2 CompilerThread1" daemon [_thread_blocked, id=14595, stack(0x000070000f533000,0x000070000f633000)]
  0x00007f9851832000 JavaThread "C2 CompilerThread0" daemon [_thread_blocked, id=14339, stack(0x000070000f430000,0x000070000f530000)]
  0x00007f9851834000 JavaThread "Signal Dispatcher" daemon [_thread_blocked, id=14083, stack(0x000070000f32d000,0x000070000f42d000)]
  0x00007f9853831800 JavaThread "Finalizer" daemon [_thread_blocked, id=19715, stack(0x000070000f124000,0x000070000f224000)]
  0x00007f985382e800 JavaThread "Reference Handler" daemon [_thread_blocked, id=20227, stack(0x000070000f021000,0x000070000f121000)]
  0x00007f985100e800 JavaThread "main" [_thread_blocked, id=4099, stack(0x000070000e603000,0x000070000e703000)]

Other Threads:
  0x00007f9851826800 VMThread [stack: 0x000070000ef1e000,0x000070000f01e000] [id=12291]
  0x00007f9852841000 WatcherThread [stack: 0x000070000f93f000,0x000070000fa3f000] [id=16387]

VM state:not at safepoint (normal execution)

VM Mutex/Monitor currently owned by a thread: None

heap address: 0x00000006c0000000, size: 4096 MB, Compressed Oops mode: Zero based, Oop shift amount: 3
Narrow klass base: 0x0000000000000000, Narrow klass shift: 3
Compressed class space size: 1073741824 Address: 0x00000007c0000000

Heap:
 PSYoungGen      total 64512K, used 11282K [0x000000076ab00000, 0x000000076f700000, 0x00000007c0000000)
  eden space 53248K, 8% used [0x000000076ab00000,0x000000076afa26f0,0x000000076df00000)
  from space 11264K, 58% used [0x000000076ec00000,0x000000076f2623f8,0x000000076f700000)
  to   space 12288K, 0% used [0x000000076df00000,0x000000076df00000,0x000000076eb00000)
 ParOldGen       total 134656K, used 44302K [0x00000006c0000000, 0x00000006c8380000, 0x000000076ab00000)
  object space 134656K, 32% used [0x00000006c0000000,0x00000006c2b43a10,0x00000006c8380000)
 Metaspace       used 34618K, capacity 38106K, committed 38272K, reserved 1083392K
  class space    used 4556K, capacity 5145K, committed 5248K, reserved 1048576K

Card table byte_map: [0x000000011915d000,0x000000011995e000] byte_map_base: 0x0000000115b5d000

Marking Bits: (ParMarkBitMap*) 0x0000000109ec6d38
 Begin Bits: [0x0000000119eb4000, 0x000000011deb4000)
 End Bits:   [0x000000011deb4000, 0x0000000121eb4000)

Polling page: 0x0000000104d9e000

CodeCache: size=245760Kb used=25141Kb max_used=25159Kb free=220618Kb
 bounds [0x000000010a15d000, 0x000000010ba1d000, 0x000000011915d000]
 total_blobs=8385 nmethods=7632 adapters=666
 compilation: enabled

Compilation events (10 events):
Event: 608.375 Thread 0x00007f9851035800 9378       4       java.util.Iterator::forEachRemaining (30 bytes)
Event: 608.375 Thread 0x00007f9851832000 nmethod 9377 0x000000010b0a4cd0 code [0x000000010b0a4e20, 0x000000010b0a4eb8]
Event: 608.376 Thread 0x00007f9851832000 9379       4       java.util.Collections$2::forEachRemaining (7 bytes)
Event: 608.377 Thread 0x00007f9851832000 nmethod 9379 0x000000010b0f02d0 code [0x000000010b0f0420, 0x000000010b0f0518]
Event: 608.377 Thread 0x00007f9851832000 9380       4       org.reactfx.MultiSuspendable$$Lambda$823/633932796::apply (5 bytes)
Event: 608.378 Thread 0x00007f9851832000 nmethod 9380 0x000000010a7898d0 code [0x000000010a789a20, 0x000000010a789b38]
Event: 608.379 Thread 0x00007f9851832000 9381       4       java.util.LinkedList$LLSpliterator::forEachRemaining (93 bytes)
Event: 608.381 Thread 0x00007f9851832000 nmethod 9381 0x000000010b76d210 code [0x000000010b76d380, 0x000000010b76d658]
Event: 608.382 Thread 0x00007f9851035800 nmethod 9378 0x000000010ba107d0 code [0x000000010ba10a40, 0x000000010ba11368]
Event: 608.416 Thread 0x00007f9851035000 nmethod 9376 0x000000010ba155d0 code [0x000000010ba15920, 0x000000010ba17458]

GC Heap History (10 events):
Event: 603.495 GC heap before
{Heap before GC invocations=46 (full 5):
 PSYoungGen      total 64000K, used 59026K [0x000000076ab00000, 0x000000076f780000, 0x00000007c0000000)
  eden space 51712K, 100% used [0x000000076ab00000,0x000000076dd80000,0x000000076dd80000)
  from space 12288K, 59% used [0x000000076eb80000,0x000000076f2a4b00,0x000000076f780000)
  to   space 13312K, 0% used [0x000000076dd80000,0x000000076dd80000,0x000000076ea80000)
 ParOldGen       total 134656K, used 42779K [0x00000006c0000000, 0x00000006c8380000, 0x000000076ab00000)
  object space 134656K, 31% used [0x00000006c0000000,0x00000006c29c6f10,0x00000006c8380000)
 Metaspace       used 34614K, capacity 38106K, committed 38272K, reserved 1083392K
  class space    used 4556K, capacity 5145K, committed 5248K, reserved 1048576K
Event: 603.501 GC heap after
Heap after GC invocations=46 (full 5):
 PSYoungGen      total 59392K, used 7813K [0x000000076ab00000, 0x000000076f700000, 0x00000007c0000000)
  eden space 51200K, 0% used [0x000000076ab00000,0x000000076ab00000,0x000000076dd00000)
  from space 8192K, 95% used [0x000000076dd80000,0x000000076e5214f8,0x000000076e580000)
  to   space 13312K, 0% used [0x000000076ea00000,0x000000076ea00000,0x000000076f700000)
 ParOldGen       total 134656K, used 42827K [0x00000006c0000000, 0x00000006c8380000, 0x000000076ab00000)
  object space 134656K, 31% used [0x00000006c0000000,0x00000006c29d2f10,0x00000006c8380000)
 Metaspace       used 34614K, capacity 38106K, committed 38272K, reserved 1083392K
  class space    used 4556K, capacity 5145K, committed 5248K, reserved 1048576K
}
Event: 607.363 GC heap before
{Heap before GC invocations=47 (full 5):
 PSYoungGen      total 59392K, used 17785K [0x000000076ab00000, 0x000000076f700000, 0x00000007c0000000)
  eden space 51200K, 19% used [0x000000076ab00000,0x000000076b4bd080,0x000000076dd00000)
  from space 8192K, 95% used [0x000000076dd80000,0x000000076e5214f8,0x000000076e580000)
  to   space 13312K, 0% used [0x000000076ea00000,0x000000076ea00000,0x000000076f700000)
 ParOldGen       total 134656K, used 42827K [0x00000006c0000000, 0x00000006c8380000, 0x000000076ab00000)
  object space 134656K, 31% used [0x00000006c0000000,0x00000006c29d2f10,0x00000006c8380000)
 Metaspace       used 34615K, capacity 38106K, committed 38272K, reserved 1083392K
  class space    used 4556K, capacity 5145K, committed 5248K, reserved 1048576K
Event: 607.365 GC heap after
Heap after GC invocations=47 (full 5):
 PSYoungGen      total 63488K, used 5775K [0x000000076ab00000, 0x000000076f600000, 0x00000007c0000000)
  eden space 51200K, 0% used [0x000000076ab00000,0x000000076ab00000,0x000000076dd00000)
  from space 12288K, 47% used [0x000000076ea00000,0x000000076efa3dd0,0x000000076f600000)
  to   space 12800K, 0% used [0x000000076dd00000,0x000000076dd00000,0x000000076e980000)
 ParOldGen       total 134656K, used 42851K [0x00000006c0000000, 0x00000006c8380000, 0x000000076ab00000)
  object space 134656K, 31% used [0x00000006c0000000,0x00000006c29d8f10,0x00000006c8380000)
 Metaspace       used 34615K, capacity 38106K, committed 38272K, reserved 1083392K
  class space    used 4556K, capacity 5145K, committed 5248K, reserved 1048576K
}
Event: 607.365 GC heap before
{Heap before GC invocations=48 (full 6):
 PSYoungGen      total 63488K, used 5775K [0x000000076ab00000, 0x000000076f600000, 0x00000007c0000000)
  eden space 51200K, 0% used [0x000000076ab00000,0x000000076ab00000,0x000000076dd00000)
  from space 12288K, 47% used [0x000000076ea00000,0x000000076efa3dd0,0x000000076f600000)
  to   space 12800K, 0% used [0x000000076dd00000,0x000000076dd00000,0x000000076e980000)
 ParOldGen       total 134656K, used 42851K [0x00000006c0000000, 0x00000006c8380000, 0x000000076ab00000)
  object space 134656K, 31% used [0x00000006c0000000,0x00000006c29d8f10,0x00000006c8380000)
 Metaspace       used 34615K, capacity 38106K, committed 38272K, reserved 1083392K
  class space    used 4556K, capacity 5145K, committed 5248K, reserved 1048576K
Event: 607.429 GC heap after
Heap after GC invocations=48 (full 6):
 PSYoungGen      total 63488K, used 0K [0x000000076ab00000, 0x000000076f600000, 0x00000007c0000000)
  eden space 51200K, 0% used [0x000000076ab00000,0x000000076ab00000,0x000000076dd00000)
  from space 12288K, 0% used [0x000000076ea00000,0x000000076ea00000,0x000000076f600000)
  to   space 12800K, 0% used [0x000000076dd00000,0x000000076dd00000,0x000000076e980000)
 ParOldGen       total 134656K, used 43414K [0x00000006c0000000, 0x00000006c8380000, 0x000000076ab00000)
  object space 134656K, 32% used [0x00000006c0000000,0x00000006c2a65bb8,0x00000006c8380000)
 Metaspace       used 34615K, capacity 38106K, committed 38272K, reserved 1083392K
  class space    used 4556K, capacity 5145K, committed 5248K, reserved 1048576K
}
Event: 607.849 GC heap before
{Heap before GC invocations=49 (full 6):
 PSYoungGen      total 63488K, used 51200K [0x000000076ab00000, 0x000000076f600000, 0x00000007c0000000)
  eden space 51200K, 100% used [0x000000076ab00000,0x000000076dd00000,0x000000076dd00000)
  from space 12288K, 0% used [0x000000076ea00000,0x000000076ea00000,0x000000076f600000)
  to   space 12800K, 0% used [0x000000076dd00000,0x000000076dd00000,0x000000076e980000)
 ParOldGen       total 134656K, used 44301K [0x00000006c0000000, 0x00000006c8380000, 0x000000076ab00000)
  object space 134656K, 32% used [0x00000006c0000000,0x00000006c2b436a0,0x00000006c8380000)
 Metaspace       used 34618K, capacity 38106K, committed 38272K, reserved 1083392K
  class space    used 4556K, capacity 5145K, committed 5248K, reserved 1048576K
Event: 607.853 GC heap after
Heap after GC invocations=49 (full 6):
 PSYoungGen      total 64000K, used 3207K [0x000000076ab00000, 0x000000076f880000, 0x00000007c0000000)
  eden space 51200K, 0% used [0x000000076ab00000,0x000000076ab00000,0x000000076dd00000)
  from space 12800K, 25% used [0x000000076dd00000,0x000000076e021ec8,0x000000076e980000)
  to   space 12800K, 0% used [0x000000076ec00000,0x000000076ec00000,0x000000076f880000)
 ParOldGen       total 134656K, used 44301K [0x00000006c0000000, 0x00000006c8380000, 0x000000076ab00000)
  object space 134656K, 32% used [0x00000006c0000000,0x00000006c2b436a0,0x00000006c8380000)
 Metaspace       used 34618K, capacity 38106K, committed 38272K, reserved 1083392K
  class space    used 4556K, capacity 5145K, committed 5248K, reserved 1048576K
}
Event: 610.650 GC heap before
{Heap before GC invocations=50 (full 6):
 PSYoungGen      total 64000K, used 54407K [0x000000076ab00000, 0x000000076f880000, 0x00000007c0000000)
  eden space 51200K, 100% used [0x000000076ab00000,0x000000076dd00000,0x000000076dd00000)
  from space 12800K, 25% used [0x000000076dd00000,0x000000076e021ec8,0x000000076e980000)
  to   space 12800K, 0% used [0x000000076ec00000,0x000000076ec00000,0x000000076f880000)
 ParOldGen       total 134656K, used 44302K [0x00000006c0000000, 0x00000006c8380000, 0x000000076ab00000)
  object space 134656K, 32% used [0x00000006c0000000,0x00000006c2b43a10,0x00000006c8380000)
 Metaspace       used 34618K, capacity 38106K, committed 38272K, reserved 1083392K
  class space    used 4556K, capacity 5145K, committed 5248K, reserved 1048576K
Event: 610.653 GC heap after
Heap after GC invocations=50 (full 6):
 PSYoungGen      total 64512K, used 6536K [0x000000076ab00000, 0x000000076f700000, 0x00000007c0000000)
  eden space 53248K, 0% used [0x000000076ab00000,0x000000076ab00000,0x000000076df00000)
  from space 11264K, 58% used [0x000000076ec00000,0x000000076f2623f8,0x000000076f700000)
  to   space 12288K, 0% used [0x000000076df00000,0x000000076df00000,0x000000076eb00000)
 ParOldGen       total 134656K, used 44302K [0x00000006c0000000, 0x00000006c8380000, 0x000000076ab00000)
  object space 134656K, 32% used [0x00000006c0000000,0x00000006c2b43a10,0x00000006c8380000)
 Metaspace       used 34618K, capacity 38106K, committed 38272K, reserved 1083392K
  class space    used 4556K, capacity 5145K, committed 5248K, reserved 1048576K
}

Deoptimization events (10 events):
Event: 356.888 Thread 0x00007f9852883800 Uncommon trap: reason=array_check action=maybe_recompile pc=0x000000010abb099c method=java.util.stream.Nodes$FixedNodeBuilder.accept(Ljava/lang/Object;)V @ 28
Event: 462.453 Thread 0x00007f9852883800 Uncommon trap: reason=bimorphic action=maybe_recompile pc=0x000000010a5926d8 method=java.util.HashMap.putVal(ILjava/lang/Object;Ljava/lang/Object;ZZ)Ljava/lang/Object; @ 253
Event: 507.535 Thread 0x00007f9852883800 Uncommon trap: reason=null_check action=make_not_entrant pc=0x000000010b4c41bc method=javafx.beans.property.StringPropertyBase.set(Ljava/lang/String;)V @ 111
Event: 513.251 Thread 0x00007f9852883800 Uncommon trap: reason=unstable_if action=reinterpret pc=0x000000010b86c934 method=com.st.controllers.MainWindowController$7$1.run()V @ 198
Event: 513.401 Thread 0x00007f9856010800 Uncommon trap: reason=intrinsic action=make_not_entrant pc=0x000000010b5c03a0 method=com.sun.prism.impl.ps.BaseShaderGraphics.drawString(Lcom/sun/javafx/scene/text/GlyphList;Lcom/sun/javafx/font/FontStrike;FFLcom/sun/prism/paint/Color;II)V @ 572
Event: 529.757 Thread 0x00007f9856010800 Uncommon trap: reason=unstable_if action=reinterpret pc=0x000000010b422bcc method=com.sun.prism.impl.ManagedResource.isValid()Z @ 4
Event: 530.681 Thread 0x00007f9856010800 Uncommon trap: reason=bimorphic action=maybe_recompile pc=0x000000010b235e24 method=com.sun.javafx.geom.transform.Affine3D.setTransform(Lcom/sun/javafx/geom/transform/BaseTransform;)V @ 2
Event: 530.986 Thread 0x00007f9856010800 Uncommon trap: reason=unstable_if action=reinterpret pc=0x000000010b8b9978 method=com.sun.prism.impl.ManagedResource.isValid()Z @ 4
Event: 530.986 Thread 0x00007f9856010800 Uncommon trap: reason=unstable_if action=reinterpret pc=0x000000010b30ca54 method=com.sun.prism.impl.ManagedResource.isValid()Z @ 4
Event: 607.446 Thread 0x00007f9856010800 Uncommon trap: reason=bimorphic action=maybe_recompile pc=0x000000010b235e24 method=com.sun.javafx.geom.transform.Affine3D.setTransform(Lcom/sun/javafx/geom/transform/BaseTransform;)V @ 2

Classes redefined (0 events):
No events

Internal exceptions (10 events):
Event: 313.172 Thread 0x00007f9852883800 Exception <a 'java/io/FileNotFoundException'> (0x000000076b0d5300) thrown at [/ws/workspace/jdk-8u265/label/macosx-x86_64/type/b8/build/hotspot/src/share/vm/prims/jni.cpp, line 711]
Event: 313.172 Thread 0x00007f9852883800 Exception <a 'java/io/FileNotFoundException'> (0x000000076b0d7918) thrown at [/ws/workspace/jdk-8u265/label/macosx-x86_64/type/b8/build/hotspot/src/share/vm/prims/jni.cpp, line 711]
Event: 313.172 Thread 0x00007f9852883800 Exception <a 'java/io/FileNotFoundException'> (0x000000076b0d9ab8) thrown at [/ws/workspace/jdk-8u265/label/macosx-x86_64/type/b8/build/hotspot/src/share/vm/prims/jni.cpp, line 711]
Event: 313.172 Thread 0x00007f9852883800 Exception <a 'java/io/FileNotFoundException'> (0x000000076b0e27a0) thrown at [/ws/workspace/jdk-8u265/label/macosx-x86_64/type/b8/build/hotspot/src/share/vm/prims/jni.cpp, line 711]
Event: 315.911 Thread 0x00007f985cc2c000 Exception <a 'java/lang/InterruptedException': sleep interrupted> (0x000000076ac5dc78) thrown at [/ws/workspace/jdk-8u265/label/macosx-x86_64/type/b8/build/hotspot/src/share/vm/prims/jvm.cpp, line 3351]
Event: 334.463 Thread 0x00007f985a7aa000 Exception <a 'java/lang/InterruptedException': sleep interrupted> (0x000000076b19dab8) thrown at [/ws/workspace/jdk-8u265/label/macosx-x86_64/type/b8/build/hotspot/src/share/vm/prims/jvm.cpp, line 3351]
Event: 337.399 Thread 0x00007f985d00c800 Exception <a 'java/lang/InterruptedException': sleep interrupted> (0x000000076b1f0008) thrown at [/ws/workspace/jdk-8u265/label/macosx-x86_64/type/b8/build/hotspot/src/share/vm/prims/jvm.cpp, line 3351]
Event: 507.535 Thread 0x00007f9852883800 Implicit null exception at 0x000000010b4c403f to 0x000000010b4c41af
Event: 530.959 Thread 0x00007f985a65e800 Exception <a 'java/lang/InterruptedException': sleep interrupted> (0x000000076bbb2250) thrown at [/ws/workspace/jdk-8u265/label/macosx-x86_64/type/b8/build/hotspot/src/share/vm/prims/jvm.cpp, line 3351]
Event: 607.647 Thread 0x00007f9851715000 Exception <a 'java/lang/InterruptedException': sleep interrupted> (0x000000076c1bb490) thrown at [/ws/workspace/jdk-8u265/label/macosx-x86_64/type/b8/build/hotspot/src/share/vm/prims/jvm.cpp, line 3351]

Events (10 events):
Event: 607.853 Executing VM operation: ParallelGCSystemGC done
Event: 608.375 Thread 0x00007f9852883800 DEOPT PACKING pc=0x000000010b8b7a8b sp=0x00007ffeeaecf4d0
Event: 608.375 Thread 0x00007f9852883800 DEOPT UNPACKING pc=0x000000010a1a44c4 sp=0x00007ffeeaecf240 mode 0
Event: 608.379 Thread 0x00007f9852883800 DEOPT PACKING pc=0x000000010b8ba997 sp=0x00007ffeeaecf0f0
Event: 608.379 Thread 0x00007f9852883800 DEOPT UNPACKING pc=0x000000010a1a44c4 sp=0x00007ffeeaecee40 mode 0
Event: 608.651 Executing VM operation: RevokeBias
Event: 608.651 Executing VM operation: RevokeBias done
Event: 608.652 Thread 0x00007f985da79800 Thread exited: 0x00007f985da79800
Event: 610.650 Executing VM operation: ParallelGCFailedAllocation
Event: 610.653 Executing VM operation: ParallelGCFailedAllocation done


Dynamic libraries:
0x00007fff35237000 	/System/Library/Frameworks/Cocoa.framework/Versions/A/Cocoa
0x00007fff2257f000 	/System/Library/Frameworks/Security.framework/Versions/A/Security
0x00007fff3343f000 	/System/Library/Frameworks/ApplicationServices.framework/Versions/A/ApplicationServices
0x00007fff2a802000 	/usr/lib/libz.1.dylib
0x00007fff2a8ca000 	/usr/lib/libSystem.B.dylib
0x00007fff20768000 	/System/Library/Frameworks/CoreFoundation.framework/Versions/A/CoreFoundation
0x00007fff21517000 	/System/Library/Frameworks/Foundation.framework/Versions/C/Foundation
0x00007fff20588000 	/usr/lib/libobjc.A.dylib
0x00007fff22fb0000 	/System/Library/Frameworks/AppKit.framework/Versions/C/AppKit
0x00007fff25e75000 	/System/Library/Frameworks/CoreData.framework/Versions/A/CoreData
0x00007fff23cfc000 	/System/Library/PrivateFrameworks/UIFoundation.framework/Versions/A/UIFoundation
0x00007fff2fef9000 	/System/Library/PrivateFrameworks/RemoteViewServices.framework/Versions/A/RemoteViewServices
0x00007fff28d0e000 	/System/Library/PrivateFrameworks/XCTTargetBootstrap.framework/Versions/A/XCTTargetBootstrap
0x00007fff2b9f5000 	/usr/lib/libspindump.dylib
0x00007fff23f4b000 	/System/Library/Frameworks/UniformTypeIdentifiers.framework/Versions/A/UniformTypeIdentifiers
0x00007fff27512000 	/usr/lib/libapp_launch_measurement.dylib
0x00007fff27515000 	/System/Library/PrivateFrameworks/CoreAutoLayout.framework/Versions/A/CoreAutoLayout
0x00007fff28675000 	/System/Library/Frameworks/Metal.framework/Versions/A/Metal
0x00007fff2936b000 	/usr/lib/liblangid.dylib
0x00007fff28d12000 	/System/Library/PrivateFrameworks/CoreSVG.framework/Versions/A/CoreSVG
0x00007fff24f8b000 	/System/Library/PrivateFrameworks/SkyLight.framework/Versions/A/SkyLight
0x00007fff252f1000 	/System/Library/Frameworks/CoreGraphics.framework/Versions/A/CoreGraphics
0x00007fff30420000 	/System/Library/Frameworks/Accelerate.framework/Versions/A/Accelerate
0x00007fff2b433000 	/System/Library/PrivateFrameworks/IconServices.framework/Versions/A/IconServices
0x00007fff28659000 	/System/Library/Frameworks/IOSurface.framework/Versions/A/IOSurface
0x00007fff267fd000 	/usr/lib/libDiagnosticMessagesClient.dylib
0x00007fff28cfa000 	/System/Library/PrivateFrameworks/DFRFoundation.framework/Versions/A/DFRFoundation
0x00007fff228d7000 	/usr/lib/libicucore.A.dylib
0x00007fff2cf38000 	/System/Library/Frameworks/AudioToolbox.framework/Versions/A/AudioToolbox
0x00007fff2c1c0000 	/System/Library/PrivateFrameworks/DataDetectorsCore.framework/Versions/A/DataDetectorsCore
0x00007fff24efe000 	/usr/lib/libMobileGestalt.dylib
0x00007fff289fe000 	/System/Library/Frameworks/Carbon.framework/Versions/A/Frameworks/HIToolbox.framework/Versions/A/HIToolbox
0x00007fff26f57000 	/System/Library/Frameworks/QuartzCore.framework/Versions/A/QuartzCore
0x00007fff2ff31000 	/System/Library/Frameworks/Carbon.framework/Versions/A/Frameworks/SpeechRecognition.framework/Versions/A/SpeechRecognition
0x00007fff27277000 	/System/Library/PrivateFrameworks/CoreUI.framework/Versions/A/CoreUI
0x00007fff21eed000 	/System/Library/Frameworks/CoreAudio.framework/Versions/A/CoreAudio
0x00007fff268e8000 	/System/Library/Frameworks/DiskArbitration.framework/Versions/A/DiskArbitration
0x00007fff2bdc3000 	/System/Library/PrivateFrameworks/MultitouchSupport.framework/Versions/A/MultitouchSupport
0x00007fff2c1b7000 	/System/Library/PrivateFrameworks/InternationalSupport.framework/Versions/A/InternationalSupport
0x00007fff24efd000 	/usr/lib/libenergytrace.dylib
0x00007fff22ea7000 	/System/Library/Frameworks/IOKit.framework/Versions/A/IOKit
0x00007fff30264000 	/System/Library/Frameworks/CoreServices.framework/Versions/A/CoreServices
0x00007fff274a4000 	/System/Library/PrivateFrameworks/PerformanceAnalysis.framework/Versions/A/PerformanceAnalysis
0x00007fff6bbe4000 	/System/Library/Frameworks/OpenGL.framework/Versions/A/OpenGL
0x00007fff2c23b000 	/System/Library/PrivateFrameworks/UserActivity.framework/Versions/A/UserActivity
0x00007fff2597b000 	/System/Library/Frameworks/ColorSync.framework/Versions/A/ColorSync
0x00007fff28f79000 	/System/Library/Frameworks/CoreImage.framework/Versions/A/CoreImage
0x00007fff21d07000 	/System/Library/Frameworks/CoreText.framework/Versions/A/CoreText
0x00007fff28d3c000 	/System/Library/Frameworks/ImageIO.framework/Versions/A/ImageIO
0x00007fff2a8d0000 	/System/Library/PrivateFrameworks/SoftLinking.framework/Versions/A/SoftLinking
0x00007fff2755d000 	/usr/lib/libxml2.2.dylib
0x00007fff2064e000 	/usr/lib/libc++.1.dylib
0x00007fff2ab41000 	/usr/lib/libcompression.dylib
0x00007fff2c0e9000 	/System/Library/PrivateFrameworks/TextureIO.framework/Versions/A/TextureIO
0x00007fff2b171000 	/usr/lib/libate.dylib
0x00007fff2a8c4000 	/usr/lib/system/libcache.dylib
0x00007fff2a880000 	/usr/lib/system/libcommonCrypto.dylib
0x00007fff2a8aa000 	/usr/lib/system/libcompiler_rt.dylib
0x00007fff2a89f000 	/usr/lib/system/libcopyfile.dylib
0x00007fff20478000 	/usr/lib/system/libcorecrypto.dylib
0x00007fff20543000 	/usr/lib/system/libdispatch.dylib
0x00007fff206f6000 	/usr/lib/system/libdyld.dylib
0x00007fff2a8bb000 	/usr/lib/system/libkeymgr.dylib
0x00007fff2dccf000 	/usr/lib/system/liblaunch.dylib
0x00007fff2a85e000 	/usr/lib/system/libmacho.dylib
0x00007fff2a056000 	/usr/lib/system/libquarantine.dylib
0x00007fff2a8b8000 	/usr/lib/system/libremovefile.dylib
0x00007fff24f5b000 	/usr/lib/system/libsystem_asl.dylib
0x00007fff20428000 	/usr/lib/system/libsystem_blocks.dylib
0x00007fff205c5000 	/usr/lib/system/libsystem_c.dylib
0x00007fff2a8b2000 	/usr/lib/system/libsystem_collections.dylib
0x00007fff2935c000 	/usr/lib/system/libsystem_configuration.dylib
0x00007fff28648000 	/usr/lib/system/libsystem_containermanager.dylib
0x00007fff2a601000 	/usr/lib/system/libsystem_coreservices.dylib
0x00007fff22b37000 	/usr/lib/system/libsystem_darwin.dylib
0x00007fff2a8bc000 	/usr/lib/system/libsystem_dnssd.dylib
0x00007fff205c2000 	/usr/lib/system/libsystem_featureflags.dylib
0x00007fff2073c000 	/usr/lib/system/libsystem_info.dylib
0x00007fff2a815000 	/usr/lib/system/libsystem_m.dylib
0x00007fff20516000 	/usr/lib/system/libsystem_malloc.dylib
0x00007fff24eee000 	/usr/lib/system/libsystem_networkextension.dylib
0x00007fff22f56000 	/usr/lib/system/libsystem_notify.dylib
0x00007fff30166000 	/usr/lib/system/libsystem_product_info_filter.dylib
0x00007fff29360000 	/usr/lib/system/libsystem_sandbox.dylib
0x00007fff2a8b5000 	/usr/lib/system/libsystem_secinit.dylib
0x00007fff206ba000 	/usr/lib/system/libsystem_kernel.dylib
0x00007fff20732000 	/usr/lib/system/libsystem_platform.dylib
0x00007fff206ea000 	/usr/lib/system/libsystem_pthread.dylib
0x00007fff26639000 	/usr/lib/system/libsystem_symptoms.dylib
0x00007fff20460000 	/usr/lib/system/libsystem_trace.dylib
0x00007fff2a88c000 	/usr/lib/system/libunwind.dylib
0x00007fff2042a000 	/usr/lib/system/libxpc.dylib
0x00007fff206a4000 	/usr/lib/libc++abi.dylib
0x00007fff2a897000 	/usr/lib/liboah.dylib
0x00007fff2af55000 	/usr/lib/liblzma.5.dylib
0x00007fff2122b000 	/System/Library/Frameworks/SystemConfiguration.framework/Versions/A/SystemConfiguration
0x00007fff2a8cc000 	/usr/lib/libfakelink.dylib
0x00007fff24a4f000 	/System/Library/Frameworks/CFNetwork.framework/Versions/A/CFNetwork
0x00007fff2aa0c000 	/usr/lib/libarchive.2.dylib
0x00007fff212a9000 	/usr/lib/libCRFSuite.dylib
0x00007fff2a07d000 	/usr/lib/libbsm.0.dylib
0x00007fff243c8000 	/usr/lib/libnetwork.dylib
0x00007fff2a8d1000 	/usr/lib/libpcap.A.dylib
0x00007fff26632000 	/usr/lib/libdns_services.dylib
0x00007fff2af6e000 	/usr/lib/libcoretls_cfhelpers.dylib
0x00007fff2ab0b000 	/usr/lib/libapple_nghttp2.dylib
0x00007fff2a864000 	/usr/lib/system/libkxld.dylib
0x00007fff262ab000 	/usr/lib/libsqlite3.dylib
0x00007fff2a5e4000 	/System/Library/PrivateFrameworks/AppleFSCompression.framework/Versions/A/AppleFSCompression
0x00007fff2a065000 	/usr/lib/libcoretls.dylib
0x00007fff2ab3c000 	/usr/lib/libpam.2.dylib
0x00007fff2b06c000 	/usr/lib/libxar.1.dylib
0x00007fff29367000 	/System/Library/PrivateFrameworks/AppleSystemInfo.framework/Versions/A/AppleSystemInfo
0x00007fff29ca7000 	/System/Library/PrivateFrameworks/IOMobileFramebuffer.framework/Versions/A/IOMobileFramebuffer
0x00007fff2a5f4000 	/usr/lib/libbz2.1.0.dylib
0x00007fff2a909000 	/usr/lib/libiconv.2.dylib
0x00007fff2a85d000 	/usr/lib/libcharset.1.dylib
0x00007fff274e0000 	/System/Library/Frameworks/CoreServices.framework/Versions/A/Frameworks/FSEvents.framework/Versions/A/FSEvents
0x00007fff22b41000 	/System/Library/Frameworks/CoreServices.framework/Versions/A/Frameworks/CarbonCore.framework/Versions/A/CarbonCore
0x00007fff2684d000 	/System/Library/Frameworks/CoreServices.framework/Versions/A/Frameworks/Metadata.framework/Versions/A/Metadata
0x00007fff2a606000 	/System/Library/Frameworks/CoreServices.framework/Versions/A/Frameworks/OSServices.framework/Versions/A/OSServices
0x00007fff2aa7e000 	/System/Library/Frameworks/CoreServices.framework/Versions/A/Frameworks/SearchKit.framework/Versions/A/SearchKit
0x00007fff265bd000 	/System/Library/Frameworks/CoreServices.framework/Versions/A/Frameworks/AE.framework/Versions/A/AE
0x00007fff20c06000 	/System/Library/Frameworks/CoreServices.framework/Versions/A/Frameworks/LaunchServices.framework/Versions/A/LaunchServices
0x00007fff2af05000 	/System/Library/Frameworks/CoreServices.framework/Versions/A/Frameworks/DictionaryServices.framework/Versions/A/DictionaryServices
0x00007fff274ed000 	/System/Library/Frameworks/CoreServices.framework/Versions/A/Frameworks/SharedFileList.framework/Versions/A/SharedFileList
0x00007fff2a059000 	/usr/lib/libCheckFix.dylib
0x00007fff24f72000 	/System/Library/PrivateFrameworks/TCC.framework/Versions/A/TCC
0x00007fff2936d000 	/System/Library/PrivateFrameworks/CoreNLP.framework/Versions/A/CoreNLP
0x00007fff26800000 	/System/Library/PrivateFrameworks/MetadataUtilities.framework/Versions/A/MetadataUtilities
0x00007fff212de000 	/usr/lib/libmecabra.dylib
0x00007fff2a363000 	/System/Library/Frameworks/MLCompute.framework/Versions/A/MLCompute
0x00007fff2a08e000 	/usr/lib/libmecab.dylib
0x00007fff2a0d8000 	/usr/lib/libgermantok.dylib
0x00007fff2aae6000 	/usr/lib/libThaiTokenizer.dylib
0x00007fff2b0a8000 	/usr/lib/libChineseTokenizer.dylib
0x00007fff2ab3a000 	/System/Library/Frameworks/MetalPerformanceShaders.framework/Versions/A/MetalPerformanceShaders
0x00007fff268ef000 	/System/Library/Frameworks/Accelerate.framework/Versions/A/Frameworks/vImage.framework/Versions/A/vImage
0x00007fff3023e000 	/System/Library/Frameworks/Accelerate.framework/Versions/A/Frameworks/vecLib.framework/Versions/A/vecLib
0x00007fff2b0b3000 	/System/Library/Frameworks/Accelerate.framework/Versions/A/Frameworks/vecLib.framework/Versions/A/libvMisc.dylib
0x00007fff29ac2000 	/System/Library/Frameworks/Accelerate.framework/Versions/A/Frameworks/vecLib.framework/Versions/A/libvDSP.dylib
0x00007fff20f11000 	/System/Library/Frameworks/Accelerate.framework/Versions/A/Frameworks/vecLib.framework/Versions/A/libBLAS.dylib
0x00007fff2ab67000 	/System/Library/Frameworks/Accelerate.framework/Versions/A/Frameworks/vecLib.framework/Versions/A/libLAPACK.dylib
0x00007fff2a0de000 	/System/Library/Frameworks/Accelerate.framework/Versions/A/Frameworks/vecLib.framework/Versions/A/libLinearAlgebra.dylib
0x00007fff2ab23000 	/System/Library/Frameworks/Accelerate.framework/Versions/A/Frameworks/vecLib.framework/Versions/A/libSparseBLAS.dylib
0x00007fff2ab61000 	/System/Library/Frameworks/Accelerate.framework/Versions/A/Frameworks/vecLib.framework/Versions/A/libQuadrature.dylib
0x00007fff29419000 	/System/Library/Frameworks/Accelerate.framework/Versions/A/Frameworks/vecLib.framework/Versions/A/libBNNS.dylib
0x00007fff211bc000 	/System/Library/Frameworks/Accelerate.framework/Versions/A/Frameworks/vecLib.framework/Versions/A/libSparse.dylib
0x00007fff292f5000 	/System/Library/Frameworks/MetalPerformanceShaders.framework/Versions/A/Frameworks/MPSCore.framework/Versions/A/MPSCore
0x00007fff2a553000 	/System/Library/Frameworks/MetalPerformanceShaders.framework/Versions/A/Frameworks/MPSImage.framework/Versions/A/MPSImage
0x00007fff2a0f4000 	/System/Library/Frameworks/MetalPerformanceShaders.framework/Versions/A/Frameworks/MPSNeuralNetwork.framework/Versions/A/MPSNeuralNetwork
0x00007fff2a4c5000 	/System/Library/Frameworks/MetalPerformanceShaders.framework/Versions/A/Frameworks/MPSMatrix.framework/Versions/A/MPSMatrix
0x00007fff2a313000 	/System/Library/Frameworks/MetalPerformanceShaders.framework/Versions/A/Frameworks/MPSRayIntersector.framework/Versions/A/MPSRayIntersector
0x00007fff2a4fc000 	/System/Library/Frameworks/MetalPerformanceShaders.framework/Versions/A/Frameworks/MPSNDArray.framework/Versions/A/MPSNDArray
0x00007fff20e3c000 	/System/Library/PrivateFrameworks/MetalTools.framework/Versions/A/MetalTools
0x00007fff29365000 	/System/Library/PrivateFrameworks/AggregateDictionary.framework/Versions/A/AggregateDictionary
0x00007fff267cd000 	/System/Library/PrivateFrameworks/CoreAnalytics.framework/Versions/A/CoreAnalytics
0x00007fff2aae8000 	/System/Library/PrivateFrameworks/AppleSauce.framework/Versions/A/AppleSauce
0x00007fff2866b000 	/System/Library/PrivateFrameworks/IOAccelerator.framework/Versions/A/IOAccelerator
0x00007fff6bbd8000 	/System/Library/Frameworks/OpenGL.framework/Versions/A/Libraries/libCoreFSCache.dylib
0x00007fff21876000 	/System/Library/PrivateFrameworks/LanguageModeling.framework/Versions/A/LanguageModeling
0x00007fff29c95000 	/System/Library/PrivateFrameworks/CoreEmoji.framework/Versions/A/CoreEmoji
0x00007fff29412000 	/System/Library/PrivateFrameworks/LinguisticData.framework/Versions/A/LinguisticData
0x00007fff2116e000 	/System/Library/PrivateFrameworks/Lexicon.framework/Versions/A/Lexicon
0x00007fff2a9fa000 	/usr/lib/libcmph.dylib
0x00007fff274c0000 	/System/Library/Frameworks/OpenDirectory.framework/Versions/A/Frameworks/CFOpenDirectory.framework/Versions/A/CFOpenDirectory
0x00007fff274b0000 	/System/Library/Frameworks/OpenDirectory.framework/Versions/A/OpenDirectory
0x00007fff2af70000 	/System/Library/PrivateFrameworks/APFS.framework/Versions/A/APFS
0x00007fff29fbb000 	/System/Library/Frameworks/SecurityFoundation.framework/Versions/A/SecurityFoundation
0x00007fff2b07b000 	/usr/lib/libutil.dylib
0x00007fff22e6c000 	/System/Library/PrivateFrameworks/CoreServicesStore.framework/Versions/A/CoreServicesStore
0x00007fff2a051000 	/System/Library/Frameworks/ServiceManagement.framework/Versions/A/ServiceManagement
0x00007fff2b07f000 	/usr/lib/libxslt.1.dylib
0x00007fff2a047000 	/System/Library/PrivateFrameworks/BackgroundTaskManagement.framework/Versions/A/BackgroundTaskManagement
0x00007fff2c033000 	/System/Library/Frameworks/ImageIO.framework/Versions/A/Resources/libRadiance.dylib
0x00007fff2c03d000 	/System/Library/Frameworks/ImageIO.framework/Versions/A/Resources/libJPEG.dylib
0x00007fff2bf8d000 	/System/Library/Frameworks/ImageIO.framework/Versions/A/Resources/libPng.dylib
0x00007fff2bfae000 	/System/Library/Frameworks/ImageIO.framework/Versions/A/Resources/libTIFF.dylib
0x00007fff2c092000 	/System/Library/Frameworks/ImageIO.framework/Versions/A/Resources/libGIF.dylib
0x00007fff2bcdf000 	/System/Library/Frameworks/ImageIO.framework/Versions/A/Resources/libJP2.dylib
0x00007fff2b3fa000 	/usr/lib/libexpat.1.dylib
0x00007fff2bc95000 	/System/Library/PrivateFrameworks/AppleJPEG.framework/Versions/A/AppleJPEG
0x00007fff288a1000 	/System/Library/PrivateFrameworks/FontServices.framework/libFontParser.dylib
0x00007fff26574000 	/System/Library/PrivateFrameworks/RunningBoardServices.framework/Versions/A/RunningBoardServices
0x00007fff2bdbf000 	/System/Library/PrivateFrameworks/WatchdogClient.framework/Versions/A/WatchdogClient
0x00007fff2195f000 	/System/Library/Frameworks/CoreDisplay.framework/Versions/A/CoreDisplay
0x00007fff287b6000 	/System/Library/Frameworks/CoreMedia.framework/Versions/A/CoreMedia
0x00007fff27640000 	/System/Library/Frameworks/CoreVideo.framework/Versions/A/CoreVideo
0x00007fff2bdfa000 	/System/Library/Frameworks/VideoToolbox.framework/Versions/A/VideoToolbox
0x00007fff264f4000 	/System/Library/PrivateFrameworks/BaseBoard.framework/Versions/A/BaseBoard
0x00007fff2b53f000 	/System/Library/PrivateFrameworks/PersistentConnection.framework/Versions/A/PersistentConnection
0x00007fff26295000 	/System/Library/PrivateFrameworks/ProtocolBuffer.framework/Versions/A/ProtocolBuffer
0x00007fff264dc000 	/System/Library/PrivateFrameworks/CommonUtilities.framework/Versions/A/CommonUtilities
0x00007fff2bc58000 	/System/Library/PrivateFrameworks/Bom.framework/Versions/A/Bom
0x00007fff2c02b000 	/System/Library/PrivateFrameworks/GPUWrangler.framework/Versions/A/GPUWrangler
0x00007fff2c00e000 	/System/Library/PrivateFrameworks/IOPresentment.framework/Versions/A/IOPresentment
0x00007fff2c037000 	/System/Library/PrivateFrameworks/DSExternalDisplay.framework/Versions/A/DSExternalDisplay
0x00007fff2c097000 	/System/Library/PrivateFrameworks/CMCaptureCore.framework/Versions/A/CMCaptureCore
0x00007fff2b9db000 	/System/Library/PrivateFrameworks/AppServerSupport.framework/Versions/A/AppServerSupport
0x00007fff2da72000 	/System/Library/PrivateFrameworks/perfdata.framework/Versions/A/perfdata
0x00007fff29faa000 	/System/Library/PrivateFrameworks/AssertionServices.framework/Versions/A/AssertionServices
0x00007fff21a96000 	/System/Library/PrivateFrameworks/AudioToolboxCore.framework/Versions/A/AudioToolboxCore
0x00007fff28799000 	/System/Library/PrivateFrameworks/caulk.framework/Versions/A/caulk
0x00007fff3cf1e000 	/System/Library/PrivateFrameworks/SystemPolicy.framework/Versions/A/SystemPolicy
0x00007fff2b209000 	/usr/lib/libIOReport.dylib
0x00007fff2d2ae000 	/usr/lib/libSMC.dylib
0x00007fff2bf59000 	/usr/lib/libAudioToolboxUtility.dylib
0x00007fff3d87b000 	/usr/lib/libmis.dylib
0x00007fff6bc34000 	/System/Library/Frameworks/OpenGL.framework/Versions/A/Libraries/libGLU.dylib
0x00007fff6bbf7000 	/System/Library/Frameworks/OpenGL.framework/Versions/A/Libraries/libGFXShared.dylib
0x00007fff6be05000 	/System/Library/Frameworks/OpenGL.framework/Versions/A/Libraries/libGL.dylib
0x00007fff6bc00000 	/System/Library/Frameworks/OpenGL.framework/Versions/A/Libraries/libGLImage.dylib
0x00007fff6bbf4000 	/System/Library/Frameworks/OpenGL.framework/Versions/A/Libraries/libCVMSPluginSupport.dylib
0x00007fff6bbdf000 	/System/Library/Frameworks/OpenGL.framework/Versions/A/Libraries/libCoreVMClient.dylib
0x00007fff6d24f000 	/System/Library/Frameworks/OpenCL.framework/Versions/A/OpenCL
0x00007fff2b568000 	/System/Library/PrivateFrameworks/GraphVisualizer.framework/Versions/A/GraphVisualizer
0x00007fff2b577000 	/System/Library/PrivateFrameworks/FaceCore.framework/Versions/A/FaceCore
0x00007fff2b993000 	/System/Library/PrivateFrameworks/OTSVG.framework/Versions/A/OTSVG
0x00007fff27235000 	/System/Library/Frameworks/ApplicationServices.framework/Versions/A/Frameworks/ATS.framework/Versions/A/Resources/libFontRegistry.dylib
0x00007fff2b9e2000 	/System/Library/PrivateFrameworks/FontServices.framework/libhvf.dylib
0x00007fff2b3a6000 	/System/Library/PrivateFrameworks/AppleVA.framework/Versions/A/AppleVA
0x00007fff2d0f6000 	/System/Library/Frameworks/ApplicationServices.framework/Versions/A/Frameworks/ATS.framework/Versions/A/ATS
0x00007fff2d409000 	/System/Library/Frameworks/ApplicationServices.framework/Versions/A/Frameworks/ColorSyncLegacy.framework/Versions/A/ColorSyncLegacy
0x00007fff25a73000 	/System/Library/Frameworks/ApplicationServices.framework/Versions/A/Frameworks/HIServices.framework/Versions/A/HIServices
0x00007fff2d3ee000 	/System/Library/Frameworks/ApplicationServices.framework/Versions/A/Frameworks/LangAnalysis.framework/Versions/A/LangAnalysis
0x00007fff2c0a1000 	/System/Library/Frameworks/ApplicationServices.framework/Versions/A/Frameworks/PrintCore.framework/Versions/A/PrintCore
0x00007fff2d411000 	/System/Library/Frameworks/ApplicationServices.framework/Versions/A/Frameworks/QD.framework/Versions/A/QD
0x00007fff2d0e6000 	/System/Library/Frameworks/ApplicationServices.framework/Versions/A/Frameworks/SpeechSynthesis.framework/Versions/A/SpeechSynthesis
0x00007fff2c062000 	/System/Library/Frameworks/ApplicationServices.framework/Versions/A/Frameworks/ATSUI.framework/Versions/A/ATSUI
0x00007fff2d38e000 	/usr/lib/libcups.2.dylib
0x00007fff2d3fe000 	/System/Library/PrivateFrameworks/NetAuth.framework/Versions/A/NetAuth
0x00007fff2da8d000 	/System/Library/Frameworks/Kerberos.framework/Versions/A/Kerberos
0x00007fff2da9d000 	/System/Library/Frameworks/GSS.framework/Versions/A/GSS
0x00007fff2d163000 	/usr/lib/libresolv.9.dylib
0x00007fff2b9f8000 	/System/Library/PrivateFrameworks/Heimdal.framework/Versions/A/Heimdal
0x00007fff33754000 	/System/Library/Frameworks/Kerberos.framework/Versions/A/Libraries/libHeimdalProxy.dylib
0x00007fff26641000 	/System/Library/Frameworks/Network.framework/Versions/A/Network
0x00007fff2b414000 	/usr/lib/libheimdal-asn1.dylib
0x00007fff2daee000 	/System/Library/PrivateFrameworks/CommonAuth.framework/Versions/A/CommonAuth
0x00007fff2768e000 	/System/Library/PrivateFrameworks/login.framework/Versions/A/Frameworks/loginsupport.framework/Versions/A/loginsupport
0x00007fff2d06d000 	/System/Library/PrivateFrameworks/AudioSession.framework/Versions/A/AudioSession
0x00007fff2d0d3000 	/usr/lib/libAudioStatistics.dylib
0x00007fff2b4a0000 	/System/Library/PrivateFrameworks/MediaExperience.framework/Versions/A/MediaExperience
0x00007fff2cf06000 	/System/Library/PrivateFrameworks/AudioSession.framework/libSessionUtility.dylib
0x00007fff2da7e000 	/usr/lib/libperfcheck.dylib
0x00007fff2d41d000 	/System/Library/PrivateFrameworks/AudioResourceArbitration.framework/Versions/A/AudioResourceArbitration
0x00007fff2b41e000 	/System/Library/PrivateFrameworks/IconFoundation.framework/Versions/A/IconFoundation
0x00007fff2ff21000 	/System/Library/PrivateFrameworks/SpeechRecognitionCore.framework/Versions/A/SpeechRecognitionCore
0x0000000109800000 	/Applications/STMicroelectronics/STM32Cube/STM32CubeProgrammer/STM32CubeProgrammer.app/jre/lib/server/libjvm.dylib
0x0000000104d5a000 	/Applications/STMicroelectronics/STM32Cube/STM32CubeProgrammer/STM32CubeProgrammer.app/jre/lib/libverify.dylib
0x0000000104d6b000 	/Applications/STMicroelectronics/STM32Cube/STM32CubeProgrammer/STM32CubeProgrammer.app/jre/lib/libjava.dylib
0x0000000104de8000 	/Applications/STMicroelectronics/STM32Cube/STM32CubeProgrammer/STM32CubeProgrammer.app/jre/lib/libzip.dylib
0x0000000105217000 	/Applications/STMicroelectronics/STM32Cube/STM32CubeProgrammer/STM32CubeProgrammer.app/jre/lib/libnio.dylib
0x000000010522a000 	/Applications/STMicroelectronics/STM32Cube/STM32CubeProgrammer/STM32CubeProgrammer.app/jre/lib/libnet.dylib
0x0000000105244000 	/Applications/STMicroelectronics/STM32Cube/STM32CubeProgrammer/STM32CubeProgrammer.app/jre/lib/libprism_es2.dylib
0x00007fff22e2d000 	/System/Library/PrivateFrameworks/CoreServicesInternal.framework/Versions/A/CoreServicesInternal
0x00007fff6be10000 	/System/Library/Frameworks/OpenGL.framework/Versions/A/Resources/GLEngine.bundle/GLEngine
0x00007fff6bc71000 	/System/Library/Frameworks/OpenGL.framework/Versions/A/Libraries/libGLProgrammability.dylib
0x00007fff62343000 	/System/Library/Extensions/AppleIntelSKLGraphicsGLDriver.bundle/Contents/MacOS/AppleIntelSKLGraphicsGLDriver
0x00007fff46635000 	/System/Library/PrivateFrameworks/GPUSupport.framework/Versions/A/Libraries/libGPUSupportMercury.dylib
0x00007fff6bf8e000 	/System/Library/Frameworks/OpenGL.framework/Versions/A/Resources/GLRendererFloat.bundle/GLRendererFloat
0x0000000125193000 	/Applications/STMicroelectronics/STM32Cube/STM32CubeProgrammer/STM32CubeProgrammer.app/jre/lib/libglass.dylib
0x00007fff312a8000 	/System/Library/Frameworks/FileProvider.framework/Versions/A/FileProvider
0x00007fff2645f000 	/System/Library/Frameworks/Accounts.framework/Versions/A/Accounts
0x00007fff313f8000 	/System/Library/PrivateFrameworks/GenerationalStorage.framework/Versions/A/GenerationalStorage
0x00007fff31d92000 	/System/Library/PrivateFrameworks/CoreSymbolication.framework/Versions/A/CoreSymbolication
0x00007fff30cc8000 	/System/Library/PrivateFrameworks/SymptomDiagnosticReporter.framework/Versions/A/SymptomDiagnosticReporter
0x00007fff23f5e000 	/System/Library/PrivateFrameworks/DesktopServicesPriv.framework/Versions/A/DesktopServicesPriv
0x00007fff22f62000 	/usr/lib/libsandbox.1.dylib
0x00007fff276b9000 	/System/Library/PrivateFrameworks/UserManagement.framework/Versions/A/UserManagement
0x00007fff29f87000 	/System/Library/PrivateFrameworks/MobileKeyBag.framework/Versions/A/MobileKeyBag
0x00007fff347d7000 	/System/Library/PrivateFrameworks/ChunkingLibrary.framework/Versions/A/ChunkingLibrary
0x00007fff31d56000 	/System/Library/PrivateFrameworks/DebugSymbols.framework/Versions/A/DebugSymbols
0x00007fff2e4b1000 	/System/Library/PrivateFrameworks/Sharing.framework/Versions/A/Sharing
0x00007fff32d56000 	/System/Library/PrivateFrameworks/Apple80211.framework/Versions/A/Apple80211
0x00007fff2a634000 	/System/Library/PrivateFrameworks/AuthKit.framework/Versions/A/AuthKit
0x00007fff29d85000 	/System/Library/PrivateFrameworks/CoreUtils.framework/Versions/A/CoreUtils
0x00007fff29cb2000 	/System/Library/Frameworks/CoreWLAN.framework/Versions/A/CoreWLAN
0x00007fff2e5fd000 	/System/Library/Frameworks/IOBluetooth.framework/Versions/A/IOBluetooth
0x00007fff32dba000 	/System/Library/PrivateFrameworks/CoreWiFi.framework/Versions/A/CoreWiFi
0x00007fff2db74000 	/System/Library/PrivateFrameworks/CorePhoneNumbers.framework/Versions/A/CorePhoneNumbers
0x00007fff30dcf000 	/System/Library/PrivateFrameworks/DiskManagement.framework/Versions/A/DiskManagement
0x00007fff30ce5000 	/System/Library/PrivateFrameworks/AppleIDAuthSupport.framework/Versions/A/AppleIDAuthSupport
0x00007fff2db54000 	/System/Library/PrivateFrameworks/KeychainCircle.framework/Versions/A/KeychainCircle
0x00007fff30d9b000 	/System/Library/PrivateFrameworks/MediaKit.framework/Versions/A/MediaKit
0x00007fff30cf2000 	/System/Library/Frameworks/DiscRecording.framework/Versions/A/DiscRecording
0x00007fff2b31a000 	/usr/lib/libCoreStorage.dylib
0x00007fff331f5000 	/usr/lib/libcsfde.dylib
0x00007fff2e738000 	/System/Library/PrivateFrameworks/ProtectedCloudStorage.framework/Versions/A/ProtectedCloudStorage
0x00007fff331ed000 	/System/Library/PrivateFrameworks/EFILogin.framework/Versions/A/EFILogin
0x00007fff33807000 	/System/Library/Frameworks/AudioUnit.framework/Versions/A/AudioUnit
0x00007fff30c62000 	/System/Library/Frameworks/CoreBluetooth.framework/Versions/A/CoreBluetooth
0x00007fff2b312000 	/usr/lib/libMatch.1.dylib
0x000000012656c000 	/usr/lib/libobjc-trampolines.dylib
0x00007fff43aef000 	/System/Library/CoreServices/RawCamera.bundle/Contents/MacOS/RawCamera
0x00007fff2daff000 	/System/Library/PrivateFrameworks/MobileAsset.framework/Versions/A/MobileAsset
0x00007fff3382b000 	/System/Library/PrivateFrameworks/StreamingZip.framework/Versions/A/StreamingZip
0x00007fff2c299000 	/System/Library/Frameworks/MediaToolbox.framework/Versions/A/MediaToolbox
0x00007fff3127a000 	/System/Library/PrivateFrameworks/CoreAVCHD.framework/Versions/A/CoreAVCHD
0x00007fff30461000 	/System/Library/Frameworks/MediaAccessibility.framework/Versions/A/MediaAccessibility
0x00007fff31276000 	/System/Library/PrivateFrameworks/Mangrove.framework/Versions/A/Mangrove
0x00007fff3046d000 	/System/Library/PrivateFrameworks/AlgosScoreFramework.framework/Versions/A/AlgosScoreFramework
0x00007fff31c64000 	/System/Library/PrivateFrameworks/AppleVPA.framework/Versions/A/AppleVPA
0x00007fff30ebb000 	/System/Library/PrivateFrameworks/CoreAUC.framework/Versions/A/CoreAUC
0x00007fff41542000 	/System/Library/Frameworks/Accelerate.framework/Versions/A/Frameworks/vImage.framework/Versions/A/Libraries/libCGInterfaces.dylib
0x00007fff273b8000 	/System/Library/PrivateFrameworks/ViewBridge.framework/Versions/A/ViewBridge
0x00000001291b2000 	/private/var/folders/x_/_50n8svx03xdyrvcbrf9b4r40000gp/T/jna--1073207300/jna4142655413749668956.tmp
0x00007fff6eb9c000 	/System/Library/Frameworks/JavaVM.framework/Versions/A/JavaVM
0x00007fff7783f000 	/usr/lib/libRosetta.dylib
0x000000012ae80000 	/Applications/STMicroelectronics/STM32Cube/STM32CubeProgrammer/STM32CubeProgrammer.app/jre/lib/libjavafx_font.dylib
0x000000012b48f000 	/Applications/STMicroelectronics/STM32Cube/STM32CubeProgrammer/STM32CubeProgrammer.app/Contents/MacOs/bin/libCubeProgrammer_API.dylib
0x000000012b90f000 	/Applications/STMicroelectronics/STM32Cube/STM32CubeProgrammer/STM32CubeProgrammer.app/Contents/MacOs/bin/libusb-1.0.0.dylib
0x000000012b925000 	/Applications/STMicroelectronics/STM32Cube/STM32CubeProgrammer/STM32CubeProgrammer.app/Contents/MacOs/bin/libSTLinkUSBDriver.dylib
0x00000001291c9000 	/Applications/STMicroelectronics/STM32Cube/STM32CubeProgrammer/STM32CubeProgrammer.app/Contents/MacOs/bin/libhsmp11.dylib
0x000000012b931000 	/Applications/STMicroelectronics/STM32Cube/STM32CubeProgrammer/STM32CubeProgrammer.app/Contents/MacOs/bin/libstP11_SAM.dylib
0x000000012b99b000 	/Applications/STMicroelectronics/STM32Cube/STM32CubeProgrammer/STM32CubeProgrammer.app/Contents/MacOs/bin/QtSerialPort.framework/Versions/5/QtSerialPort
0x000000012b9b0000 	/Applications/STMicroelectronics/STM32Cube/STM32CubeProgrammer/STM32CubeProgrammer.app/Contents/MacOs/bin/QtCore.framework/Versions/5/QtCore
0x000000012bf4e000 	/Applications/STMicroelectronics/STM32Cube/STM32CubeProgrammer/STM32CubeProgrammer.app/Contents/MacOs/bin/QtXml.framework/Versions/5/QtXml
0x000000012bf88000 	/Applications/STMicroelectronics/STM32Cube/STM32CubeProgrammer/STM32CubeProgrammer.app/Contents/MacOs/bin/libxerces-c-3.2.dylib
0x00007fff77aae000 	/usr/lib/libcrypto.0.9.8.dylib
0x00007fff6ec67000 	/System/Library/Frameworks/PCSC.framework/Versions/A/PCSC
0x00007fff33201000 	/usr/lib/libcurl.4.dylib
0x00007fff32f61000 	/usr/lib/libcrypto.44.dylib
0x00007fff33067000 	/usr/lib/libssl.46.dylib
0x00007fff32f27000 	/System/Library/Frameworks/LDAP.framework/Versions/A/LDAP
0x00007fff32f5f000 	/System/Library/PrivateFrameworks/TrustEvaluationAgent.framework/Versions/A/TrustEvaluationAgent
0x00007fff2d17c000 	/usr/lib/libsasl2.2.dylib
0x00007fff30492000 	/System/Library/PrivateFrameworks/CoreDaemon.framework/Versions/B/CoreDaemon
0x00007fff3048d000 	/System/Library/PrivateFrameworks/AppleSRP.framework/Versions/A/AppleSRP
0x000000012c62d000 	/System/Library/Extensions/IOUSBHostFamily.kext/Contents/PlugIns/IOUSBLib.bundle/Contents/MacOS/IOUSBLib
0x00007fff2bab9000 	/System/Library/PrivateFrameworks/login.framework/Versions/A/login
0x000000012cc66000 	/System/Library/Frameworks/FileProvider.framework/OverrideBundles/CloudDocsFileProvider.bundle/Contents/MacOS/CloudDocsFileProvider
0x00007fff27867000 	/System/Library/PrivateFrameworks/CloudDocs.framework/Versions/A/CloudDocs
0x00007fff344eb000 	/System/Library/PrivateFrameworks/SpotlightIndex.framework/Versions/A/SpotlightIndex
0x00007fff2b211000 	/System/Library/PrivateFrameworks/CrashReporterSupport.framework/Versions/A/CrashReporterSupport
0x00007fff30cd2000 	/System/Library/PrivateFrameworks/PowerLog.framework/Versions/A/PowerLog
0x00007fff240e9000 	/System/Library/PrivateFrameworks/SpotlightLinguistics.framework/Versions/A/SpotlightLinguistics
0x00007fff47c6b000 	/System/Library/PrivateFrameworks/OSAnalytics.framework/Versions/A/OSAnalytics
0x00007fff3317c000 	/System/Library/PrivateFrameworks/RemoteServiceDiscovery.framework/Versions/A/RemoteServiceDiscovery
0x00007fff5173d000 	/System/Library/PrivateFrameworks/Symbolication.framework/Versions/A/Symbolication
0x00007fff3d85b000 	/System/Library/PrivateFrameworks/MallocStackLogging.framework/Versions/A/MallocStackLogging
0x000000012cc7a000 	/System/Library/Frameworks/FileProvider.framework/OverrideBundles/FileProviderOverride.bundle/Contents/MacOS/FileProviderOverride
0x000000012cc8e000 	/System/Library/Frameworks/FileProvider.framework/OverrideBundles/FinderSyncCollaborationFileProviderOverride.bundle/Contents/MacOS/FinderSyncCollaborationFileProviderOverride
0x00007fff4b9d1000 	/System/Library/PrivateFrameworks/FinderSyncPriv.framework/Versions/A/FinderSyncPriv
0x00007fff3bded000 	/usr/lib/libFosl_dynamic.dylib
0x00007fff41086000 	/usr/lib/libncurses.5.4.dylib
0x00007fff61eb7000 	/System/Library/Extensions/AppleIntelSKLGraphicsMTLDriver.bundle/Contents/MacOS/AppleIntelSKLGraphicsMTLDriver
0x00007fff3d88e000 	/System/Library/PrivateFrameworks/GPURawCounter.framework/Versions/A/GPURawCounter
0x00007fff6978d000 	/System/Library/PrivateFrameworks/GPUCompiler.framework/Versions/31001/Libraries/libmetal_timestamp.dylib
0x000000012f33b000 	/Applications/STMicroelectronics/STM32Cube/STM32CubeProgrammer/STM32CubeProgrammer.app/jre/lib/libprism_common.dylib
0x0000000134304000 	/Applications/STMicroelectronics/STM32Cube/STM32CubeProgrammer/STM32CubeProgrammer.app/jre/lib/libsunec.dylib
0x00007fff3049e000 	/System/Library/PrivateFrameworks/SystemAdministration.framework/Versions/A/SystemAdministration
0x00007fff2feed000 	/System/Library/Frameworks/DirectoryService.framework/Versions/A/DirectoryService
0x00007fff33095000 	/System/Library/PrivateFrameworks/DiskImages.framework/Versions/A/DiskImages
0x00007fff33268000 	/System/Library/PrivateFrameworks/LoginUIKit.framework/Versions/A/Frameworks/LoginUICore.framework/Versions/A/LoginUICore
0x00007fff2bc54000 	/usr/lib/libodfde.dylib

VM Arguments:
java_command: STM32CubeProgrammer
java_class_path (initial): STM32CubeProgrammer
Launcher Type: SUN_STANDARD

Environment Variables:
PATH=/usr/bin:/bin:/usr/sbin:/sbin
SHELL=/bin/zsh

Signal Handlers:
SIGSEGV: [libjvm.dylib+0x559a5d], sa_mask[0]=11111111011111110111111111111111, sa_flags=SA_ONSTACK|SA_RESTART|SA_SIGINFO
SIGBUS: [libjvm.dylib+0x559a5d], sa_mask[0]=11111111011111110111111111111111, sa_flags=SA_RESTART|SA_SIGINFO
SIGFPE: [libjvm.dylib+0x4501d3], sa_mask[0]=11111111011111110111111111111111, sa_flags=SA_RESTART|SA_SIGINFO
SIGPIPE: [libjvm.dylib+0x4501d3], sa_mask[0]=11111111011111110111111111111111, sa_flags=SA_RESTART|SA_SIGINFO
SIGXFSZ: [libjvm.dylib+0x4501d3], sa_mask[0]=11111111011111110111111111111111, sa_flags=SA_RESTART|SA_SIGINFO
SIGILL: [libjvm.dylib+0x4501d3], sa_mask[0]=11111111011111110111111111111111, sa_flags=SA_RESTART|SA_SIGINFO
SIGUSR1: SIG_DFL, sa_mask[0]=00000000000000000000000000000000, sa_flags=none
SIGUSR2: [libjvm.dylib+0x450aca], sa_mask[0]=00000000000000000000000000000000, sa_flags=SA_RESTART|SA_SIGINFO
SIGHUP: [libjvm.dylib+0x44ecc9], sa_mask[0]=11111111011111110111111111111111, sa_flags=SA_RESTART|SA_SIGINFO
SIGINT: [libjvm.dylib+0x44ecc9], sa_mask[0]=11111111011111110111111111111111, sa_flags=SA_RESTART|SA_SIGINFO
SIGTERM: [libjvm.dylib+0x44ecc9], sa_mask[0]=11111111011111110111111111111111, sa_flags=SA_RESTART|SA_SIGINFO
SIGQUIT: [libjvm.dylib+0x44ecc9], sa_mask[0]=11111111011111110111111111111111, sa_flags=SA_RESTART|SA_SIGINFO


---------------  S Y S T E M  ---------------

OS:Bsduname:Darwin 20.6.0 Darwin Kernel Version 20.6.0: Tue Feb 22 21:10:41 PST 2022; root:xnu-7195.141.26~1/RELEASE_X86_64 x86_64
rlimit: STACK 8192k, CORE 0k, NPROC 2784, NOFILE 10240, AS infinity
load average:1.31 1.58 1.60

CPU:total 8 (initial active 8) (4 cores per cpu, 2 threads per core) family 6 model 94 stepping 3, cmov, cx8, fxsr, mmx, sse, sse2, sse3, ssse3, sse4.1, sse4.2, popcnt, avx, avx2, aes, clmul, erms, rtm, 3dnowpref, lzcnt, ht, tsc, tscinvbit, bmi1, bmi2, adx

Memory: 4k page, physical 16777216k(1381096k free)

/proc/meminfo:


vm_info: OpenJDK 64-Bit Server VM (25.265-b01) for bsd-amd64 JRE (1.8.0_265-b01), built on Jul 28 2020 07:24:11 by "bellsoft" with gcc 4.2.1 Compatible Apple LLVM 10.0.1 (clang-1001.0.46.4)

time: Thu Mar  9 21:17:40 2023
timezone: CET
elapsed time: 611 seconds (0d 0h 10m 11s)

